
> genealogy-backend@1.0.0 dev
> nodemon --exec ts-node src/index.ts

[33m[nodemon] 3.1.11[39m
[33m[nodemon] to restart at any time, enter `rs`[39m
[33m[nodemon] watching path(s): *.*[39m
[33m[nodemon] watching extensions: ts,json[39m
[32m[nodemon] starting `ts-node src/index.ts`[39m
📁 Database: /var/www/genealogy-app/database.sqlite
[SQL] Executing (default): SELECT 1+1 AS result
✅ Database connected
[SQL] Executing (default): SELECT name FROM sqlite_master WHERE type='table' AND name='persons';
[SQL] Executing (default): PRAGMA INDEX_LIST(`persons`)
[SQL] Executing (default): SELECT name FROM sqlite_master WHERE type='table' AND name='relationships';
[SQL] Executing (default): PRAGMA INDEX_LIST(`relationships`)
[SQL] Executing (default): PRAGMA INDEX_INFO(`relationships_person1_id_person2_id_type`)
✅ Database synchronized
Error: listen EADDRINUSE: address already in use :::3001
    at Server.setupListenHandle [as _listen2] (node:net:1908:16)
    at listenInCluster (node:net:1965:12)
    at Server.listen (node:net:2067:7)
    at Function.listen (/var/www/genealogy-app/server/node_modules/express/lib/application.js:635:24)
    at startServer (/var/www/genealogy-app/server/src/index.ts:46:9) {
  code: 'EADDRINUSE',
  errno: -98,
  syscall: 'listen',
  address: '::',
  port: 3001
}
[31m[nodemon] app crashed - waiting for file changes before starting...[39m
